app/build/outputs/logs/manifest-merger-debug-report.txt
-- Merging decision tree log ---
manifest
ADDED from src/main/AndroidManifest.xml:2:1-70:12
INJECTED from src/main/AndroidManifest.xml:2:1-70:12
INJECTED from src/main/AndroidManifest.xml:2:1-70:12
INJECTED from src/main/AndroidManifest.xml:2:1-70:12
INJECTED from src/main/AndroidManifest.xml:2:1-70:12
	package
		ADDED from src/main/AndroidManifest.xml:3:5-38
	android:versionName
		ADDED from src/main/AndroidManifest.xml:5:5-30
		INJECTED from src/main/AndroidManifest.xml
		INJECTED from src/main/AndroidManifest.xml
	xmlns:android
		ADDED from src/main/AndroidManifest.xml:2:11-69
	android:versionCode
		ADDED from src/main/AndroidManifest.xml:4:5-28
		INJECTED from src/main/AndroidManifest.xml
		INJECTED from src/main/AndroidManifest.xml
uses-sdk
ADDED from src/main/AndroidManifest.xml:7:5-43
INJECTED from src/main/AndroidManifest.xml:7:5-43
INJECTED from src/main/AndroidManifest.xml:7:5-43
INJECTED from src/main/AndroidManifest.xml:7:5-43
INJECTED from src/main/AndroidManifest.xml:7:5-43
	android:targetSdkVersion
		INJECTED from src/main/AndroidManifest.xml
		INJECTED from src/main/AndroidManifest.xml
	android:minSdkVersion
		ADDED from src/main/AndroidManifest.xml:7:15-40
		INJECTED from src/main/AndroidManifest.xml
		INJECTED from src/main/AndroidManifest.xml
uses-permission#android.permission.INTERNET
ADDED from src/main/AndroidManifest.xml:9:5-67
	android:name
		ADDED from src/main/AndroidManifest.xml:9:22-64
uses-permission#android.permission.MODIFY_AUDIO_SETTINGS
ADDED from src/main/AndroidManifest.xml:10:5-79
	android:name
		ADDED from src/main/AndroidManifest.xml:10:22-77
uses-permission#android.permission.WRITE_EXTERNAL_STORAGE
ADDED from src/main/AndroidManifest.xml:11:5-80
	android:name
		ADDED from src/main/AndroidManifest.xml:11:22-78
uses-permission#android.permission.ACCESS_WIFI_STATE
ADDED from src/main/AndroidManifest.xml:14:5-75
	android:name
		ADDED from src/main/AndroidManifest.xml:14:22-73
uses-permission#android.permission.READ_PHONE_STATE
ADDED from src/main/AndroidManifest.xml:15:5-74
	android:name
		ADDED from src/main/AndroidManifest.xml:15:22-72
uses-permission#android.permission.ACCESS_NETWORK_STATE
ADDED from src/main/AndroidManifest.xml:16:5-78
	android:name
		ADDED from src/main/AndroidManifest.xml:16:22-76
application
ADDED from src/main/AndroidManifest.xml:18:5-68:19
	android:label
		ADDED from src/main/AndroidManifest.xml:20:9-41
	android:icon
		ADDED from src/main/AndroidManifest.xml:19:9-45
	android:allowBackup
		ADDED from src/main/AndroidManifest.xml:21:9-36
activity#net.sourceforge.simcpux.wxapi.WXEntryActivity
ADDED from src/main/AndroidManifest.xml:23:9-38:20
	android:label
		ADDED from src/main/AndroidManifest.xml:25:13-45
	android:launchMode
		ADDED from src/main/AndroidManifest.xml:27:13-43
	android:exported
		ADDED from src/main/AndroidManifest.xml:26:13-36
	android:name
		ADDED from src/main/AndroidManifest.xml:24:13-50
intent-filter#android.intent.action.MAIN+android.intent.category.LAUNCHER
ADDED from src/main/AndroidManifest.xml:28:13-31:29
action#android.intent.action.MAIN
ADDED from src/main/AndroidManifest.xml:29:17-69
	android:name
		ADDED from src/main/AndroidManifest.xml:29:25-66
category#android.intent.category.LAUNCHER
ADDED from src/main/AndroidManifest.xml:30:17-77
	android:name
		ADDED from src/main/AndroidManifest.xml:30:27-74
intent-filter#android.intent.action.VIEW+android.intent.category.DEFAULT
ADDED from src/main/AndroidManifest.xml:33:13-37:29
action#android.intent.action.VIEW
ADDED from src/main/AndroidManifest.xml:34:17-68
	android:name
		ADDED from src/main/AndroidManifest.xml:34:25-66
category#android.intent.category.DEFAULT
ADDED from src/main/AndroidManifest.xml:35:17-75
	android:name
		ADDED from src/main/AndroidManifest.xml:35:27-73
data
ADDED from src/main/AndroidManifest.xml:36:17-51
	android:scheme
		ADDED from src/main/AndroidManifest.xml:36:23-49
activity#net.sourceforge.simcpux.SendToWXActivity
ADDED from src/main/AndroidManifest.xml:40:9-43:51
	android:label
		ADDED from src/main/AndroidManifest.xml:42:13-45
	android:theme
		ADDED from src/main/AndroidManifest.xml:43:13-49
	android:name
		ADDED from src/main/AndroidManifest.xml:41:13-45
activity#net.sourceforge.simcpux.GetFromWXActivity
ADDED from src/main/AndroidManifest.xml:45:9-48:51
	android:label
		ADDED from src/main/AndroidManifest.xml:47:13-45
	android:theme
		ADDED from src/main/AndroidManifest.xml:48:13-49
	android:name
		ADDED from src/main/AndroidManifest.xml:46:13-46
activity#net.sourceforge.simcpux.ShowFromWXActivity
ADDED from src/main/AndroidManifest.xml:50:9-53:51
	android:label
		ADDED from src/main/AndroidManifest.xml:52:13-45
	android:theme
		ADDED from src/main/AndroidManifest.xml:53:13-49
	android:name
		ADDED from src/main/AndroidManifest.xml:51:13-47
receiver#net.sourceforge.simcpux.AppRegister
ADDED from src/main/AndroidManifest.xml:55:9-61:20
	android:permission
		ADDED from src/main/AndroidManifest.xml:57:13-71
	android:name
		ADDED from src/main/AndroidManifest.xml:56:13-40
intent-filter#com.tencent.mm.plugin.openapi.Intent.ACTION_REFRESH_WXAPP
ADDED from src/main/AndroidManifest.xml:58:13-60:29
action#com.tencent.mm.plugin.openapi.Intent.ACTION_REFRESH_WXAPP
ADDED from src/main/AndroidManifest.xml:59:17-100
	android:name
		ADDED from src/main/AndroidManifest.xml:59:25-97
activity#net.sourceforge.simcpux.ScanQRCodeLoginActivity
ADDED from src/main/AndroidManifest.xml:63:3-66:52
	android:label
		ADDED from src/main/AndroidManifest.xml:65:13-54
	android:theme
		ADDED from src/main/AndroidManifest.xml:66:13-49
	android:name
		ADDED from src/main/AndroidManifest.xml:64:13-52